_________________________________________________ 
  						       
          Structure of base folder            
_________________________________________________ 
Structure du dossier
Le numéro de série du volume est 1AC3-80F6
C:\USERS\MARCE\DOCUMENTS\S4_WORKSPACE\HOME_SW_DEV\UNCOMPYLE_TOOL\S4_TEST_LIB\BASE
+---lib
    +---collections
    +---email
    ¦   +---mime
    +---encodings
    +---html
    +---http
    +---importlib
    +---json
    +---logging
    +---unittest
    ¦   +---test
    ¦       +---testmock
    +---urllib
    +---xml
    ¦   +---dom
    ¦   +---etree
    ¦   +---parsers
    ¦   +---sax
    +---xmlrpc
						       
FICHIER : C:\Users\Marce\Documents\S4_WORKSPACE\home_sw_dev\Uncompyle_tool\S4_test_lib\base\lib\abc.pyc 
FICHIER : C:\Users\Marce\Documents\S4_WORKSPACE\home_sw_dev\Uncompyle_tool\S4_test_lib\base\lib\aifc.pyc 
FICHIER : C:\Users\Marce\Documents\S4_WORKSPACE\home_sw_dev\Uncompyle_tool\S4_test_lib\base\lib\antigravity.pyc 
FICHIER : C:\Users\Marce\Documents\S4_WORKSPACE\home_sw_dev\Uncompyle_tool\S4_test_lib\base\lib\argparse.pyc 
FICHIER : C:\Users\Marce\Documents\S4_WORKSPACE\home_sw_dev\Uncompyle_tool\S4_test_lib\base\lib\ast.pyc 
FICHIER : C:\Users\Marce\Documents\S4_WORKSPACE\home_sw_dev\Uncompyle_tool\S4_test_lib\base\lib\asynchat.pyc 
FICHIER : C:\Users\Marce\Documents\S4_WORKSPACE\home_sw_dev\Uncompyle_tool\S4_test_lib\base\lib\asyncore.pyc 
FICHIER : C:\Users\Marce\Documents\S4_WORKSPACE\home_sw_dev\Uncompyle_tool\S4_test_lib\base\lib\base64.pyc 
FICHIER : C:\Users\Marce\Documents\S4_WORKSPACE\home_sw_dev\Uncompyle_tool\S4_test_lib\base\lib\bdb.pyc 
FICHIER : C:\Users\Marce\Documents\S4_WORKSPACE\home_sw_dev\Uncompyle_tool\S4_test_lib\base\lib\binhex.pyc 
FICHIER : C:\Users\Marce\Documents\S4_WORKSPACE\home_sw_dev\Uncompyle_tool\S4_test_lib\base\lib\bisect.pyc 
FICHIER : C:\Users\Marce\Documents\S4_WORKSPACE\home_sw_dev\Uncompyle_tool\S4_test_lib\base\lib\bz2.pyc 
FICHIER : C:\Users\Marce\Documents\S4_WORKSPACE\home_sw_dev\Uncompyle_tool\S4_test_lib\base\lib\calendar.pyc 
FICHIER : C:\Users\Marce\Documents\S4_WORKSPACE\home_sw_dev\Uncompyle_tool\S4_test_lib\base\lib\cgi.pyc 
FICHIER : C:\Users\Marce\Documents\S4_WORKSPACE\home_sw_dev\Uncompyle_tool\S4_test_lib\base\lib\cgitb.pyc 
FICHIER : C:\Users\Marce\Documents\S4_WORKSPACE\home_sw_dev\Uncompyle_tool\S4_test_lib\base\lib\chunk.pyc 
FICHIER : C:\Users\Marce\Documents\S4_WORKSPACE\home_sw_dev\Uncompyle_tool\S4_test_lib\base\lib\cmd.pyc 
FICHIER : C:\Users\Marce\Documents\S4_WORKSPACE\home_sw_dev\Uncompyle_tool\S4_test_lib\base\lib\code.pyc 
FICHIER : C:\Users\Marce\Documents\S4_WORKSPACE\home_sw_dev\Uncompyle_tool\S4_test_lib\base\lib\codecs.pyc 
FICHIER : C:\Users\Marce\Documents\S4_WORKSPACE\home_sw_dev\Uncompyle_tool\S4_test_lib\base\lib\codeop.pyc 
FICHIER : C:\Users\Marce\Documents\S4_WORKSPACE\home_sw_dev\Uncompyle_tool\S4_test_lib\base\lib\colorsys.pyc 
FICHIER : C:\Users\Marce\Documents\S4_WORKSPACE\home_sw_dev\Uncompyle_tool\S4_test_lib\base\lib\compileall.pyc 
FICHIER : C:\Users\Marce\Documents\S4_WORKSPACE\home_sw_dev\Uncompyle_tool\S4_test_lib\base\lib\configparser.pyc 
FICHIER : C:\Users\Marce\Documents\S4_WORKSPACE\home_sw_dev\Uncompyle_tool\S4_test_lib\base\lib\contextlib.pyc 
FICHIER : C:\Users\Marce\Documents\S4_WORKSPACE\home_sw_dev\Uncompyle_tool\S4_test_lib\base\lib\contextvars.pyc 
FICHIER : C:\Users\Marce\Documents\S4_WORKSPACE\home_sw_dev\Uncompyle_tool\S4_test_lib\base\lib\copy.pyc 
FICHIER : C:\Users\Marce\Documents\S4_WORKSPACE\home_sw_dev\Uncompyle_tool\S4_test_lib\base\lib\copyreg.pyc 
FICHIER : C:\Users\Marce\Documents\S4_WORKSPACE\home_sw_dev\Uncompyle_tool\S4_test_lib\base\lib\cProfile.pyc 
FICHIER : C:\Users\Marce\Documents\S4_WORKSPACE\home_sw_dev\Uncompyle_tool\S4_test_lib\base\lib\crypt.pyc 
FICHIER : C:\Users\Marce\Documents\S4_WORKSPACE\home_sw_dev\Uncompyle_tool\S4_test_lib\base\lib\csv.pyc 
FICHIER : C:\Users\Marce\Documents\S4_WORKSPACE\home_sw_dev\Uncompyle_tool\S4_test_lib\base\lib\dataclasses.pyc 
FICHIER : C:\Users\Marce\Documents\S4_WORKSPACE\home_sw_dev\Uncompyle_tool\S4_test_lib\base\lib\datetime.pyc 
FICHIER : C:\Users\Marce\Documents\S4_WORKSPACE\home_sw_dev\Uncompyle_tool\S4_test_lib\base\lib\decimal.pyc 
FICHIER : C:\Users\Marce\Documents\S4_WORKSPACE\home_sw_dev\Uncompyle_tool\S4_test_lib\base\lib\difflib.pyc 
FICHIER : C:\Users\Marce\Documents\S4_WORKSPACE\home_sw_dev\Uncompyle_tool\S4_test_lib\base\lib\dis.pyc 
FICHIER : C:\Users\Marce\Documents\S4_WORKSPACE\home_sw_dev\Uncompyle_tool\S4_test_lib\base\lib\doctest.pyc 
FICHIER : C:\Users\Marce\Documents\S4_WORKSPACE\home_sw_dev\Uncompyle_tool\S4_test_lib\base\lib\dummy_threading.pyc 
FICHIER : C:\Users\Marce\Documents\S4_WORKSPACE\home_sw_dev\Uncompyle_tool\S4_test_lib\base\lib\enum_lib.pyc 
FICHIER : C:\Users\Marce\Documents\S4_WORKSPACE\home_sw_dev\Uncompyle_tool\S4_test_lib\base\lib\filecmp.pyc 
FICHIER : C:\Users\Marce\Documents\S4_WORKSPACE\home_sw_dev\Uncompyle_tool\S4_test_lib\base\lib\fileinput.pyc 
FICHIER : C:\Users\Marce\Documents\S4_WORKSPACE\home_sw_dev\Uncompyle_tool\S4_test_lib\base\lib\fnmatch.pyc 
FICHIER : C:\Users\Marce\Documents\S4_WORKSPACE\home_sw_dev\Uncompyle_tool\S4_test_lib\base\lib\formatter.pyc 
FICHIER : C:\Users\Marce\Documents\S4_WORKSPACE\home_sw_dev\Uncompyle_tool\S4_test_lib\base\lib\fractions.pyc 
FICHIER : C:\Users\Marce\Documents\S4_WORKSPACE\home_sw_dev\Uncompyle_tool\S4_test_lib\base\lib\ftplib.pyc 
FICHIER : C:\Users\Marce\Documents\S4_WORKSPACE\home_sw_dev\Uncompyle_tool\S4_test_lib\base\lib\functools.pyc 
FICHIER : C:\Users\Marce\Documents\S4_WORKSPACE\home_sw_dev\Uncompyle_tool\S4_test_lib\base\lib\genericpath.pyc 
FICHIER : C:\Users\Marce\Documents\S4_WORKSPACE\home_sw_dev\Uncompyle_tool\S4_test_lib\base\lib\getopt.pyc 
FICHIER : C:\Users\Marce\Documents\S4_WORKSPACE\home_sw_dev\Uncompyle_tool\S4_test_lib\base\lib\getpass.pyc 
FICHIER : C:\Users\Marce\Documents\S4_WORKSPACE\home_sw_dev\Uncompyle_tool\S4_test_lib\base\lib\gettext.pyc 
FICHIER : C:\Users\Marce\Documents\S4_WORKSPACE\home_sw_dev\Uncompyle_tool\S4_test_lib\base\lib\glob.pyc 
FICHIER : C:\Users\Marce\Documents\S4_WORKSPACE\home_sw_dev\Uncompyle_tool\S4_test_lib\base\lib\gzip.pyc 
FICHIER : C:\Users\Marce\Documents\S4_WORKSPACE\home_sw_dev\Uncompyle_tool\S4_test_lib\base\lib\hashlib.pyc 
FICHIER : C:\Users\Marce\Documents\S4_WORKSPACE\home_sw_dev\Uncompyle_tool\S4_test_lib\base\lib\heapq.pyc 
FICHIER : C:\Users\Marce\Documents\S4_WORKSPACE\home_sw_dev\Uncompyle_tool\S4_test_lib\base\lib\hmac.pyc 
FICHIER : C:\Users\Marce\Documents\S4_WORKSPACE\home_sw_dev\Uncompyle_tool\S4_test_lib\base\lib\imaplib.pyc 
FICHIER : C:\Users\Marce\Documents\S4_WORKSPACE\home_sw_dev\Uncompyle_tool\S4_test_lib\base\lib\imghdr.pyc 
FICHIER : C:\Users\Marce\Documents\S4_WORKSPACE\home_sw_dev\Uncompyle_tool\S4_test_lib\base\lib\imp.pyc 
FICHIER : C:\Users\Marce\Documents\S4_WORKSPACE\home_sw_dev\Uncompyle_tool\S4_test_lib\base\lib\inspect.pyc 
